APPLICATION	CarMaker 14.0.1 - Car_Generic #3 (linux64-14.0.1)
COMPILED	jetbrains@05dcd26e64f8 2025-01-28 10:43:55
 
		I/O Configuration: default
FIRST_INIT	(internal default used)	2025-07-17 10:47:44
TIME	0.000
WARNING		Invalid specifier '%v' in result file specification
SIM_END			0s	0m
IDLE	10:47:44
TIME	10.047
SIM_START	AEB_OH2025_L1	2025-07-17 10:49:25
TIME	0.052
		Current random seed value = 1752763765
TIME	0.000
SIMULATE	AEB_OH2025_L1

TIME	18.277
SIM_END		AEB_OH2025_L1	18.269s	245.468m
TIME	22.225
SIM_START	AEB_OH2025_L1	2025-07-17 10:50:05
TIME	0.052
		Current random seed value = 1752763805
TIME	0.000
SIMULATE	AEB_OH2025_L1

TIME	18.277
SIM_END		AEB_OH2025_L1	18.269s	245.468m
