APPLICATION	CarMaker 14.0.1 - Car_Generic #3 (linux64-14.0.1)
COMPILED	jetbrains@05dcd26e64f8 2025-01-28 10:43:55
 
		I/O Configuration: default
FIRST_INIT	(internal default used)	2025-07-07 13:45:51
TIME	0.000
WARNING		Invalid specifier '%v' in result file specification
SIM_END			0s	0m
IDLE	13:45:52
SIM_START	Examples/BasicFunctions/TestAutomation/TestManager/Runs/Braking	2025-07-07 13:45:53
TIME	0.000
SIMULATE	Examples/BasicFunctions/TestAutomation/TestManager/Runs/Braking

TIME	43.285
SIM_END		Examples/BasicFunctions/TestAutomation/TestManager/Runs/Braking	43.283s	677.635m
SIM_START	Examples/BasicFunctions/TestAutomation/TestManager/Runs/Braking	2025-07-07 13:46:03
TIME	0.000
SIMULATE	Examples/BasicFunctions/TestAutomation/TestManager/Runs/Braking

TIME	42.259
SIM_END		Examples/BasicFunctions/TestAutomation/TestManager/Runs/Braking	42.257s	667.01m
SIM_START	Examples/BasicFunctions/TestAutomation/TestManager/Runs/Braking	2025-07-07 13:46:13
TIME	0.000
SIMULATE	Examples/BasicFunctions/TestAutomation/TestManager/Runs/Braking

TIME	41.879
SIM_END		Examples/BasicFunctions/TestAutomation/TestManager/Runs/Braking	41.877s	663.035m
TIME	44.416
SHUTDOWN	CarMaker quick shutdown initiated

