

SYSTEM_START	-	giri-ThinkPad-P15-Gen-2i	giri-ThinkPad-P15-Gen-2i	2025-07-07 13:45:51


SYSTEM_INFO	CarMaker 14.0.1 - Car_Generic #3	jetbrains@05dcd26e64f8 2025-01-28 10:43:55	(14.0.1 jetbrains@05dcd26e64f8 2025-01-28 10:34:45)
SIM	1751910351	giri-ThinkPad-P15-Gen-2i			0	0	0
SIM	1751910353	giri-ThinkPad-P15-Gen-2i	giri	Examples/BasicFunctions/TestAutomation/TestManager/Runs/Braking	0	43.283	677.635
SIM	1751910363	giri-ThinkPad-P15-Gen-2i	giri	Examples/BasicFunctions/TestAutomation/TestManager/Runs/Braking	0	42.257	667.01
SIM	1751910373	giri-ThinkPad-P15-Gen-2i	giri	Examples/BasicFunctions/TestAutomation/TestManager/Runs/Braking	0	41.877	663.035


SYSTEM_START	-	giri-ThinkPad-P15-Gen-2i	giri-ThinkPad-P15-Gen-2i	2025-07-07 13:49:54


SYSTEM_INFO	CarMaker 14.0.1 - Car_Generic #3	jetbrains@05dcd26e64f8 2025-01-28 10:43:55	(14.0.1 jetbrains@05dcd26e64f8 2025-01-28 10:34:45)
SIM	1751910595	giri-ThinkPad-P15-Gen-2i			0	0	0
SIM	1751910596	giri-ThinkPad-P15-Gen-2i	giri	Examples/BasicFunctions/TestAutomation/TestManager/Runs/Braking	0	43.283	677.635
SIM	1751910598	giri-ThinkPad-P15-Gen-2i	giri	Examples/BasicFunctions/TestAutomation/TestManager/Runs/Braking	0	42.257	667.01
SIM	1751910600	giri-ThinkPad-P15-Gen-2i	giri	Examples/BasicFunctions/TestAutomation/TestManager/Runs/Braking	0	41.877	663.035


SYSTEM_START	-	giri-ThinkPad-P15-Gen-2i	giri-ThinkPad-P15-Gen-2i	2025-07-07 13:55:29


SYSTEM_INFO	CarMaker 14.0.1 - Car_Generic #3	jetbrains@05dcd26e64f8 2025-01-28 10:43:55	(14.0.1 jetbrains@05dcd26e64f8 2025-01-28 10:34:45)
SIM	1751910930	giri-ThinkPad-P15-Gen-2i			0	0	0
SIM	1751910931	giri-ThinkPad-P15-Gen-2i	giri	Examples/BasicFunctions/TestAutomation/TestManager/Runs/Braking	0	43.283	677.635
SIM	1751910933	giri-ThinkPad-P15-Gen-2i	giri	Examples/BasicFunctions/TestAutomation/TestManager/Runs/Braking	0	42.257	667.01
SIM	1751910935	giri-ThinkPad-P15-Gen-2i	giri	Examples/BasicFunctions/TestAutomation/TestManager/Runs/Braking	0	41.877	663.035


SYSTEM_START	-	giri-ThinkPad-P15-Gen-2i	giri-ThinkPad-P15-Gen-2i	2025-07-07 14:23:27


SYSTEM_INFO	CarMaker 14.0.1 - Car_Generic #3	jetbrains@05dcd26e64f8 2025-01-28 10:43:55	(14.0.1 jetbrains@05dcd26e64f8 2025-01-28 10:34:45)
SIM	1751912607	giri-ThinkPad-P15-Gen-2i			0	0	0
SIM	1751912609	giri-ThinkPad-P15-Gen-2i	giri	Examples/BasicFunctions/TestAutomation/TestManager/Runs/Braking	0	43.283	677.635
SIM	1751912611	giri-ThinkPad-P15-Gen-2i	giri	Examples/BasicFunctions/TestAutomation/TestManager/Runs/Braking	0	42.257	667.01
SIM	1751912613	giri-ThinkPad-P15-Gen-2i	giri	Examples/BasicFunctions/TestAutomation/TestManager/Runs/Braking	0	41.877	663.035


SYSTEM_START	-	giri-ThinkPad-P15-Gen-2i	giri-ThinkPad-P15-Gen-2i	2025-07-17 10:47:43


SYSTEM_INFO	CarMaker 14.0.1 - Car_Generic #3	jetbrains@05dcd26e64f8 2025-01-28 10:43:55	(14.0.1 jetbrains@05dcd26e64f8 2025-01-28 10:34:45)
SIM	1752763664	giri-ThinkPad-P15-Gen-2i			0	0	0
SIM	1752763765	giri-ThinkPad-P15-Gen-2i	giri	AEB_OH2025_L1	0	18.269	245.468
SIM	1752763805	giri-ThinkPad-P15-Gen-2i	giri	AEB_OH2025_L1	0	18.269	245.468


SYSTEM_START	-	giri-ThinkPad-P15-Gen-2i	giri-ThinkPad-P15-Gen-2i	2025-07-22 10:09:29


SYSTEM_INFO	CarMaker 14.0.1 - Car_Generic #3	jetbrains@05dcd26e64f8 2025-01-28 10:43:55	(14.0.1 jetbrains@05dcd26e64f8 2025-01-28 10:34:45)
SIM	1753193370	giri-ThinkPad-P15-Gen-2i			0	0	0
SIM	1753194008	giri-ThinkPad-P15-Gen-2i	giri	AEB_OH2025_L1	0	18.269	245.468
SIM	1753194032	giri-ThinkPad-P15-Gen-2i	giri	AEB_OH2025_L1	0	18.269	245.468
